<?xml version="1.0" encoding="UTF-8"?>
<!-- Generated by org.testng.reporters.JUnitReportReporter -->
<testsuite hostname="LAPTOP-REJ56O35" failures="0" tests="1" name="users.ListUsersTest" time="6.536" errors="0" timestamp="2022-06-13T10:24:13 WIB" skipped="0">
  <testcase classname="users.ListUsersTest" name="successGetUsers" time="6.536"/>
  <system-out/>
</testsuite> <!-- users.ListUsersTest -->
